<?xml version="1.0" encoding="UTF-8"?>
<!-- Generated by org.testng.reporters.JUnitReportReporter -->
<testsuite skipped="0" hostname="US28981" name="test.loginTest" tests="1" failures="0" timestamp="2022-06-10T10:23:52 CDT" time="6.353" errors="0">
  <testcase name="validUserShouldAbleToLogIn" time="6.353" classname="test.loginTest"/>
  <system-out/>
</testsuite> <!-- test.loginTest -->
