<?xml version="1.0" encoding="UTF-8"?>
<!-- Generated by org.testng.reporters.JUnitReportReporter -->
<testsuite skipped="0" hostname="US28981" name="test.AddContactTest" tests="1" failures="0" timestamp="2022-06-13T21:05:00 CDT" time="6.642" errors="0">
  <testcase name="userShouldBeAbleToAddCustomer" time="6.642" classname="test.AddContactTest"/>
  <system-out/>
</testsuite> <!-- test.AddContactTest -->
